<?xml version="1.0" encoding="UTF-8"?>
<coverage generated="1657438361">
  <project timestamp="1657438361">
    <file name="/Users/michaelbrauner/Bundles/Symfony/MediaBundle/Bundle/src/Contracts/FileInterface.php">
      <metrics loc="24" ncloc="24" classes="0" methods="0" coveredmethods="0" conditionals="0" coveredconditionals="0" statements="0" coveredstatements="0" elements="0" coveredelements="0"/>
    </file>
    <file name="/Users/michaelbrauner/Bundles/Symfony/MediaBundle/Bundle/src/Contracts/UploaderInterface.php">
      <metrics loc="10" ncloc="10" classes="0" methods="0" coveredmethods="0" conditionals="0" coveredconditionals="0" statements="0" coveredstatements="0" elements="0" coveredelements="0"/>
    </file>
    <file name="/Users/michaelbrauner/Bundles/Symfony/MediaBundle/Bundle/src/DependencyInjection/MediaBundleExtension.php">
      <class name="Braunstetter\MediaBundle\DependencyInjection\MediaBundleExtension" namespace="global">
        <metrics complexity="4" methods="2" coveredmethods="2" conditionals="0" coveredconditionals="0" statements="7" coveredstatements="7" elements="9" coveredelements="9"/>
      </class>
      <line num="18" type="method" name="load" visibility="public" complexity="1" crap="1" count="1"/>
      <line num="20" type="stmt" count="1"/>
      <line num="21" type="stmt" count="1"/>
      <line num="27" type="method" name="prepend" visibility="public" complexity="3" crap="3" count="1"/>
      <line num="29" type="stmt" count="1"/>
      <line num="31" type="stmt" count="1"/>
      <line num="32" type="stmt" count="1"/>
      <line num="35" type="stmt" count="1"/>
      <line num="36" type="stmt" count="1"/>
      <metrics loc="39" ncloc="32" classes="1" methods="2" coveredmethods="2" conditionals="0" coveredconditionals="0" statements="7" coveredstatements="7" elements="9" coveredelements="9"/>
    </file>
    <file name="/Users/michaelbrauner/Bundles/Symfony/MediaBundle/Bundle/src/Entity/BaseFile.php">
      <class name="Braunstetter\MediaBundle\Entity\BaseFile" namespace="global">
        <metrics complexity="21" methods="17" coveredmethods="17" conditionals="0" coveredconditionals="0" statements="29" coveredstatements="29" elements="46" coveredelements="46"/>
      </class>
      <line num="38" type="method" name="getId" visibility="public" complexity="1" crap="1" count="3"/>
      <line num="40" type="stmt" count="3"/>
      <line num="43" type="method" name="getFilename" visibility="public" complexity="1" crap="1" count="8"/>
      <line num="45" type="stmt" count="8"/>
      <line num="48" type="method" name="setFilename" visibility="public" complexity="1" crap="1" count="12"/>
      <line num="50" type="stmt" count="12"/>
      <line num="52" type="stmt" count="12"/>
      <line num="55" type="method" name="getOriginalFilename" visibility="public" complexity="1" crap="1" count="4"/>
      <line num="57" type="stmt" count="4"/>
      <line num="60" type="method" name="setOriginalFilename" visibility="public" complexity="1" crap="1" count="12"/>
      <line num="62" type="stmt" count="12"/>
      <line num="64" type="stmt" count="12"/>
      <line num="67" type="method" name="getMimeType" visibility="public" complexity="1" crap="1" count="4"/>
      <line num="69" type="stmt" count="4"/>
      <line num="72" type="method" name="setMimeType" visibility="public" complexity="2" crap="2" count="12"/>
      <line num="74" type="stmt" count="12"/>
      <line num="75" type="stmt" count="12"/>
      <line num="78" type="stmt" count="12"/>
      <line num="81" type="method" name="getFullPath" visibility="public" complexity="3" crap="3" count="14"/>
      <line num="83" type="stmt" count="14"/>
      <line num="84" type="stmt" count="7"/>
      <line num="85" type="stmt" count="14"/>
      <line num="88" type="method" name="getType" visibility="public" complexity="1" crap="1" count="2"/>
      <line num="90" type="stmt" count="2"/>
      <line num="96" type="method" name="getFolder" visibility="public" complexity="1" crap="1" count="8"/>
      <line num="98" type="stmt" count="8"/>
      <line num="104" type="method" name="setFolder" visibility="public" complexity="1" crap="1" count="12"/>
      <line num="106" type="stmt" count="12"/>
      <line num="109" type="method" name="getFile" visibility="public" complexity="1" crap="1" count="12"/>
      <line num="111" type="stmt" count="12"/>
      <line num="114" type="method" name="setFile" visibility="public" complexity="1" crap="1" count="11"/>
      <line num="116" type="stmt" count="11"/>
      <line num="119" type="method" name="hasFile" visibility="public" complexity="1" crap="1" count="13"/>
      <line num="121" type="stmt" count="13"/>
      <line num="125" type="method" name="serialize" visibility="public" complexity="1" crap="1" count="2"/>
      <line num="127" type="stmt" count="2"/>
      <line num="128" type="stmt" count="2"/>
      <line num="129" type="stmt" count="2"/>
      <line num="130" type="stmt" count="2"/>
      <line num="131" type="stmt" count="2"/>
      <line num="136" type="method" name="unserialize" visibility="public" complexity="1" crap="1" count="1"/>
      <line num="138" type="stmt" count="1"/>
      <line num="141" type="method" name="__toString" visibility="public" complexity="2" crap="2" count="1"/>
      <line num="143" type="stmt" count="1"/>
      <line num="144" type="stmt" count="1"/>
      <line num="147" type="stmt" count="1"/>
      <metrics loc="150" ncloc="142" classes="1" methods="17" coveredmethods="17" conditionals="0" coveredconditionals="0" statements="29" coveredstatements="29" elements="46" coveredelements="46"/>
    </file>
    <file name="/Users/michaelbrauner/Bundles/Symfony/MediaBundle/Bundle/src/Entity/EventListeners/FileDeleteListener.php">
      <class name="Braunstetter\MediaBundle\Entity\EventListeners\FileDeleteListener" namespace="global">
        <metrics complexity="7" methods="4" coveredmethods="4" conditionals="0" coveredconditionals="0" statements="8" coveredstatements="8" elements="12" coveredelements="12"/>
      </class>
      <line num="16" type="method" name="__construct" visibility="public" complexity="1" crap="1" count="1"/>
      <line num="18" type="stmt" count="1"/>
      <line num="19" type="stmt" count="1"/>
      <line num="25" type="method" name="postRemove" visibility="public" complexity="4" crap="4" count="1"/>
      <line num="28" type="stmt" count="1"/>
      <line num="30" type="stmt" count="1"/>
      <line num="31" type="stmt" count="1"/>
      <line num="32" type="stmt" count="1"/>
      <line num="36" type="method" name="getDirectory" visibility="public" complexity="1" crap="1" count="1"/>
      <line num="38" type="stmt" count="1"/>
      <line num="41" type="method" name="getFileSystemFullPath" visibility="public" complexity="1" crap="1" count="1"/>
      <line num="43" type="stmt" count="1"/>
      <metrics loc="46" ncloc="42" classes="1" methods="4" coveredmethods="4" conditionals="0" coveredconditionals="0" statements="8" coveredstatements="8" elements="12" coveredelements="12"/>
    </file>
    <file name="/Users/michaelbrauner/Bundles/Symfony/MediaBundle/Bundle/src/Form/Type/ImageCollectionItemType.php">
      <class name="Braunstetter\MediaBundle\Form\Type\ImageCollectionItemType" namespace="global">
        <metrics complexity="5" methods="4" coveredmethods="4" conditionals="0" coveredconditionals="0" statements="18" coveredstatements="18" elements="22" coveredelements="22"/>
      </class>
      <line num="17" type="method" name="buildForm" visibility="public" complexity="1" crap="1" count="2"/>
      <line num="19" type="stmt" count="2"/>
      <line num="22" type="method" name="configureOptions" visibility="public" complexity="2" crap="2" count="2"/>
      <line num="24" type="stmt" count="2"/>
      <line num="25" type="stmt" count="2"/>
      <line num="28" type="stmt" count="2"/>
      <line num="29" type="stmt" count="2"/>
      <line num="30" type="stmt" count="2"/>
      <line num="31" type="stmt" count="2"/>
      <line num="33" type="stmt" count="2"/>
      <line num="34" type="stmt" count="2"/>
      <line num="35" type="stmt" count="2"/>
      <line num="36" type="stmt" count="2"/>
      <line num="39" type="method" name="finishView" visibility="public" complexity="1" crap="1" count="2"/>
      <line num="41" type="stmt" count="2"/>
      <line num="43" type="stmt" count="2"/>
      <line num="44" type="stmt" count="2"/>
      <line num="47" type="stmt" count="2"/>
      <line num="49" type="stmt" count="2"/>
      <line num="50" type="stmt" count="2"/>
      <line num="56" type="method" name="getBlockPrefix" visibility="public" complexity="1" crap="1" count="2"/>
      <line num="58" type="stmt" count="2"/>
      <metrics loc="60" ncloc="60" classes="1" methods="4" coveredmethods="4" conditionals="0" coveredconditionals="0" statements="18" coveredstatements="18" elements="22" coveredelements="22"/>
    </file>
    <file name="/Users/michaelbrauner/Bundles/Symfony/MediaBundle/Bundle/src/Form/Type/ImageCollectionType.php">
      <class name="Braunstetter\MediaBundle\Form\Type\ImageCollectionType" namespace="global">
        <metrics complexity="5" methods="4" coveredmethods="4" conditionals="0" coveredconditionals="0" statements="16" coveredstatements="16" elements="20" coveredelements="20"/>
      </class>
      <line num="17" type="method" name="buildForm" visibility="public" complexity="2" crap="2" count="2"/>
      <line num="19" type="stmt" count="2"/>
      <line num="20" type="stmt" count="2"/>
      <line num="21" type="stmt" count="2"/>
      <line num="23" type="stmt" count="2"/>
      <line num="24" type="stmt" count="1"/>
      <line num="29" type="method" name="finishView" visibility="public" complexity="1" crap="1" count="2"/>
      <line num="31" type="stmt" count="2"/>
      <line num="32" type="stmt" count="2"/>
      <line num="34" type="stmt" count="2"/>
      <line num="36" type="stmt" count="2"/>
      <line num="40" type="method" name="configureOptions" visibility="public" complexity="1" crap="1" count="2"/>
      <line num="42" type="stmt" count="2"/>
      <line num="43" type="stmt" count="2"/>
      <line num="44" type="stmt" count="2"/>
      <line num="45" type="stmt" count="2"/>
      <line num="46" type="stmt" count="2"/>
      <line num="47" type="stmt" count="2"/>
      <line num="51" type="method" name="getParent" visibility="public" complexity="1" crap="1" count="2"/>
      <line num="53" type="stmt" count="2"/>
      <metrics loc="56" ncloc="56" classes="1" methods="4" coveredmethods="4" conditionals="0" coveredconditionals="0" statements="16" coveredstatements="16" elements="20" coveredelements="20"/>
    </file>
    <file name="/Users/michaelbrauner/Bundles/Symfony/MediaBundle/Bundle/src/MediaBundle.php">
      <class name="Braunstetter\MediaBundle\MediaBundle" namespace="global">
        <metrics complexity="1" methods="1" coveredmethods="1" conditionals="0" coveredconditionals="0" statements="1" coveredstatements="1" elements="2" coveredelements="2"/>
      </class>
      <line num="11" type="method" name="getContainerExtension" visibility="public" complexity="1" crap="1" count="1"/>
      <line num="13" type="stmt" count="1"/>
      <metrics loc="15" ncloc="15" classes="1" methods="1" coveredmethods="1" conditionals="0" coveredconditionals="0" statements="1" coveredstatements="1" elements="2" coveredelements="2"/>
    </file>
    <file name="/Users/michaelbrauner/Bundles/Symfony/MediaBundle/Bundle/src/Uploader/FilesystemUploader.php">
      <class name="Braunstetter\MediaBundle\Uploader\FilesystemUploader" namespace="global">
        <metrics complexity="15" methods="10" coveredmethods="10" conditionals="0" coveredconditionals="0" statements="32" coveredstatements="32" elements="42" coveredelements="42"/>
      </class>
      <line num="24" type="method" name="__construct" visibility="public" complexity="1" crap="1" count="14"/>
      <line num="31" type="stmt" count="14"/>
      <line num="32" type="stmt" count="14"/>
      <line num="33" type="stmt" count="14"/>
      <line num="34" type="stmt" count="14"/>
      <line num="37" type="method" name="upload" visibility="public" complexity="4" crap="4" count="13"/>
      <line num="39" type="stmt" count="13"/>
      <line num="40" type="stmt" count="2"/>
      <line num="43" type="stmt" count="11"/>
      <line num="46" type="stmt" count="11"/>
      <line num="48" type="stmt" count="11"/>
      <line num="49" type="stmt" count="2"/>
      <line num="52" type="stmt" count="11"/>
      <line num="54" type="stmt" count="11"/>
      <line num="56" type="stmt" count="11"/>
      <line num="57" type="stmt" count="11"/>
      <line num="58" type="stmt" count="11"/>
      <line num="59" type="stmt" count="11"/>
      <line num="60" type="stmt" count="11"/>
      <line num="61" type="stmt" count="11"/>
      <line num="68" type="method" name="setFolder" visibility="public" complexity="1" crap="1" count="11"/>
      <line num="70" type="stmt" count="11"/>
      <line num="71" type="stmt" count="11"/>
      <line num="74" type="method" name="getFolder" visibility="public" complexity="1" crap="1" count="11"/>
      <line num="76" type="stmt" count="11"/>
      <line num="79" type="method" name="getDirectory" visibility="public" complexity="1" crap="1" count="11"/>
      <line num="81" type="stmt" count="11"/>
      <line num="84" type="method" name="getFullDirectory" visibility="public" complexity="1" crap="1" count="11"/>
      <line num="86" type="stmt" count="11"/>
      <line num="89" type="method" name="has" visibility="private" complexity="1" crap="1" count="2"/>
      <line num="91" type="stmt" count="2"/>
      <line num="94" type="method" name="remove" visibility="public" complexity="2" crap="2" count="2"/>
      <line num="96" type="stmt" count="2"/>
      <line num="98" type="stmt" count="2"/>
      <line num="101" type="method" name="createFilename" visibility="private" complexity="2" crap="2" count="11"/>
      <line num="103" type="stmt" count="11"/>
      <line num="105" type="stmt" count="11"/>
      <line num="108" type="method" name="createNewFilename" visibility="private" complexity="1" crap="1" count="11"/>
      <line num="111" type="stmt" count="11"/>
      <line num="112" type="stmt" count="11"/>
      <line num="113" type="stmt" count="11"/>
      <line num="115" type="stmt" count="11"/>
      <metrics loc="117" ncloc="112" classes="1" methods="10" coveredmethods="10" conditionals="0" coveredconditionals="0" statements="32" coveredstatements="32" elements="42" coveredelements="42"/>
    </file>
    <metrics files="9" loc="517" ncloc="493" classes="7" methods="42" coveredmethods="42" conditionals="0" coveredconditionals="0" statements="111" coveredstatements="111" elements="153" coveredelements="153"/>
  </project>
</coverage>
